c:\users\low jia ding\onedrive\desktop\prac game prog\prac game prog\debug\vc143.pdb
c:\users\low jia ding\onedrive\desktop\prac game prog\prac game prog\debug\vc143.idb
c:\users\low jia ding\onedrive\desktop\prac game prog\prac game prog\debug\source.obj
c:\users\low jia ding\onedrive\desktop\prac game prog\prac game prog\debug\clock.obj
c:\users\low jia ding\onedrive\desktop\prac game prog\prac game prog\debug\graphics.obj
c:\users\low jia ding\onedrive\desktop\prac game prog\prac game prog\debug\gameobject.obj
c:\users\low jia ding\onedrive\desktop\prac game prog\prac game prog\debug\entitymanager.obj
c:\users\low jia ding\onedrive\desktop\prac game prog\prac game prog\debug\sprite.obj
c:\users\low jia ding\onedrive\desktop\prac game prog\prac game prog\debug\entity.obj
c:\users\low jia ding\onedrive\desktop\prac game prog\prac game prog\debug\frametimer.obj
c:\users\low jia ding\onedrive\desktop\prac game prog\prac game prog\debug\sprite2drenderercomponent.obj
c:\users\low jia ding\onedrive\desktop\prac game prog\prac game prog\debug\transformcomponent.obj
c:\users\low jia ding\onedrive\desktop\prac game prog\prac game prog\debug\renderercomponent.obj
c:\users\low jia ding\onedrive\desktop\prac game prog\prac game prog\debug\namecomponent.obj
c:\users\low jia ding\onedrive\desktop\prac game prog\prac game prog\debug\collidercomponent.obj
c:\users\low jia ding\onedrive\desktop\prac game prog\prac game prog\debug\component.obj
c:\users\low jia ding\onedrive\desktop\prac game prog\prac game prog\debug\boxcollidercomponent.obj
c:\users\low jia ding\onedrive\desktop\prac game prog\prac game prog\debug\scene.obj
c:\users\low jia ding\onedrive\desktop\prac game prog\prac game prog\debug\windowprocedure.obj
c:\users\low jia ding\onedrive\desktop\prac game prog\prac game prog\debug\globals.obj
c:\users\low jia ding\onedrive\desktop\prac game prog\prac game prog\debug\childspritetest.obj
c:\users\low jia ding\onedrive\desktop\prac game prog\debug\prac game prog.pdb
c:\users\low jia ding\onedrive\desktop\prac game prog\prac game prog\debug\prac game prog.tlog\cl.command.1.tlog
c:\users\low jia ding\onedrive\desktop\prac game prog\prac game prog\debug\prac game prog.tlog\cl.items.tlog
c:\users\low jia ding\onedrive\desktop\prac game prog\prac game prog\debug\prac game prog.tlog\cl.read.1.tlog
c:\users\low jia ding\onedrive\desktop\prac game prog\prac game prog\debug\prac game prog.tlog\cl.write.1.tlog
c:\users\low jia ding\onedrive\desktop\prac game prog\prac game prog\debug\prac game prog.tlog\link-cvtres.read.1.tlog
c:\users\low jia ding\onedrive\desktop\prac game prog\prac game prog\debug\prac game prog.tlog\link-cvtres.write.1.tlog
c:\users\low jia ding\onedrive\desktop\prac game prog\prac game prog\debug\prac game prog.tlog\link-rc.read.1.tlog
c:\users\low jia ding\onedrive\desktop\prac game prog\prac game prog\debug\prac game prog.tlog\link-rc.write.1.tlog
c:\users\low jia ding\onedrive\desktop\prac game prog\prac game prog\debug\prac game prog.tlog\link.23620-cvtres.read.1.tlog
c:\users\low jia ding\onedrive\desktop\prac game prog\prac game prog\debug\prac game prog.tlog\link.23620-cvtres.write.1.tlog
c:\users\low jia ding\onedrive\desktop\prac game prog\prac game prog\debug\prac game prog.tlog\link.23620-rc.read.1.tlog
c:\users\low jia ding\onedrive\desktop\prac game prog\prac game prog\debug\prac game prog.tlog\link.23620-rc.write.1.tlog
c:\users\low jia ding\onedrive\desktop\prac game prog\prac game prog\debug\prac game prog.tlog\link.23620.read.1.tlog
c:\users\low jia ding\onedrive\desktop\prac game prog\prac game prog\debug\prac game prog.tlog\link.23620.write.1.tlog
c:\users\low jia ding\onedrive\desktop\prac game prog\prac game prog\debug\prac game prog.tlog\link.command.1.tlog
c:\users\low jia ding\onedrive\desktop\prac game prog\prac game prog\debug\prac game prog.tlog\link.read.1.tlog
c:\users\low jia ding\onedrive\desktop\prac game prog\prac game prog\debug\prac game prog.tlog\link.secondary.1.tlog
c:\users\low jia ding\onedrive\desktop\prac game prog\prac game prog\debug\prac game prog.tlog\link.write.1.tlog
